INFO    : PreTeXt-CLI version: 2.6.1

INFO    : PreTeXt project found in `C:\Users\byosh\int-algebra`.
INFO    : Since no target was supplied, we will use "web".

INFO    : Building target web
INFO    : Preparing to build into C:\Users\byosh\int-algebra\output\web.
INFO    : discovering source file's directory name: C:\Users\byosh\int-algebra\ptx
INFO    : verifying and expanding input directory: C:\Users\byosh\int-algebra\ptx\../generated-assets
INFO    : input directory expanded to absolute path: C:\Users\byosh\int-algebra\generated-assets
INFO    : verifying and expanding input directory: C:\Users\byosh\int-algebra\ptx\../ext
INFO    : input directory expanded to absolute path: C:\Users\byosh\int-algebra\ext
INFO    : Runestone Services (via PreTeXt repository): version 7.3.3
INFO    : Runestone Services (using newer, via online CDN query): version 7.4.0
INFO    : Using existing Runestone Services located in C:/Users/byosh/int-algebra/output/web\_static. Delete Runestone files there to force a fresh download.
INFO    : converting C:\Users\byosh\int-algebra\ptx\int-alg.xml to HTML in C:\Users\byosh\AppData\Local\Temp\ptx-t2s8dlxk
INFO    : XSL conversion of C:\Users\byosh\int-algebra\ptx\int-alg.xml by C:\Users\byosh\.ptx\2.6.1\core\xsl\pretext-html.xsl
INFO    : messages from the log for XSL processing:
ERROR   : * PTX:ERROR:   a cross-reference ("xref") uses references [tkSolvExpEqn] that do not point to any target, or perhaps point to multiple targets.  Maybe you typed an @xml:id value wrong, maybe the target of the @xml:id is nonexistent, or maybe you temporarily removed the target from your source, or maybe an auxiliary file contains a duplicate.  Your output will contain some placeholder text that you will not want to distribute to your readers.
INFO    : *              located within: "Solving Equations" (title)
WARNING : * PTX:WARNING: an index entry should not have both a locator and a "see" reference.  Results may be unpredictable.  Perhaps you meant to employ a "seealso" reference?  Heading is: "Delta (\(\Delta\)); ; "
INFO    : successful application of C:\Users\byosh\.ptx\2.6.1\core\xsl\pretext-html.xsl
INFO    : 
Success! Run `pretext view` to see the results.

INFO    : 
----------------------------------------------------
INFO    : While running pretext, the following errors occurred:

INFO    : (see log messages above or in the 'logs' folder for more information)
INFO    : ----------------------------------------------------
