INFO    : PreTeXt-CLI version: 2.6.1

INFO    : PreTeXt project found in `C:\Users\byosh\int-algebra`.
INFO    : Since no target was supplied, we will use "web".

INFO    : Building target web
INFO    : converting latex-image pictures from C:\Users\byosh\int-algebra\ptx\int-alg.xml to svg graphics for placement in C:\Users\byosh\int-algebra\generated-assets\latex-image
INFO    : extracting latex-image pictures from C:\Users\byosh\int-algebra\ptx\int-alg.xml
INFO    : string parameters passed to extraction stylesheet: {'publisher': 'C:/Users/byosh/int-algebra/publication/publication.ptx', 'subtree': 'fig-solve-abs-equation'}
INFO    : discovering source file's directory name: C:\Users\byosh\int-algebra\ptx
INFO    : verifying and expanding input directory: C:\Users\byosh\int-algebra\ptx\../generated-assets
INFO    : input directory expanded to absolute path: C:\Users\byosh\int-algebra\generated-assets
INFO    : verifying and expanding input directory: C:\Users\byosh\int-algebra\ptx\../ext
INFO    : input directory expanded to absolute path: C:\Users\byosh\int-algebra\ext
INFO    : XSL conversion of C:\Users\byosh\int-algebra\ptx\int-alg.xml by C:\Users\byosh\.ptx\2.6.1\core\xsl\extract-latex-image.xsl
INFO    : successful application of C:\Users\byosh\.ptx\2.6.1\core\xsl\extract-latex-image.xsl
INFO    : converting fig-solve-abs-equation.tex to fig-solve-abs-equation.pdf
INFO    : cropping fig-solve-abs-equation.pdf to cropped-fig-solve-abs-equation.pdf
INFO    : renaming cropped-fig-solve-abs-equation.pdf to fig-solve-abs-equation.pdf
INFO    : converting fig-solve-abs-equation.pdf to fig-solve-abs-equation.svg
INFO    : converting latex-image pictures from C:\Users\byosh\int-algebra\ptx\int-alg.xml to svg graphics for placement in C:\Users\byosh\int-algebra\generated-assets\latex-image
INFO    : extracting latex-image pictures from C:\Users\byosh\int-algebra\ptx\int-alg.xml
INFO    : string parameters passed to extraction stylesheet: {'publisher': 'C:/Users/byosh/int-algebra/publication/publication.ptx', 'subtree': 'fig-ad-spread'}
INFO    : discovering source file's directory name: C:\Users\byosh\int-algebra\ptx
INFO    : verifying and expanding input directory: C:\Users\byosh\int-algebra\ptx\../generated-assets
INFO    : input directory expanded to absolute path: C:\Users\byosh\int-algebra\generated-assets
INFO    : verifying and expanding input directory: C:\Users\byosh\int-algebra\ptx\../ext
INFO    : input directory expanded to absolute path: C:\Users\byosh\int-algebra\ext
INFO    : XSL conversion of C:\Users\byosh\int-algebra\ptx\int-alg.xml by C:\Users\byosh\.ptx\2.6.1\core\xsl\extract-latex-image.xsl
INFO    : successful application of C:\Users\byosh\.ptx\2.6.1\core\xsl\extract-latex-image.xsl
INFO    : converting fig-ad-spread.tex to fig-ad-spread.pdf
INFO    : cropping fig-ad-spread.pdf to cropped-fig-ad-spread.pdf
INFO    : renaming cropped-fig-ad-spread.pdf to fig-ad-spread.pdf
INFO    : converting fig-ad-spread.pdf to fig-ad-spread.svg
INFO    : Removing temporary directory C:\Users\byosh\AppData\Local\Temp\ptx-_kij6xb6
INFO    : Removing temporary directory C:\Users\byosh\AppData\Local\Temp\ptx-_rbyl3yf
INFO    : Preparing to build into C:\Users\byosh\int-algebra\output\web.
INFO    : discovering source file's directory name: C:\Users\byosh\int-algebra\ptx
INFO    : verifying and expanding input directory: C:\Users\byosh\int-algebra\ptx\../generated-assets
INFO    : input directory expanded to absolute path: C:\Users\byosh\int-algebra\generated-assets
INFO    : verifying and expanding input directory: C:\Users\byosh\int-algebra\ptx\../ext
INFO    : input directory expanded to absolute path: C:\Users\byosh\int-algebra\ext
INFO    : Runestone Services (via PreTeXt repository): version 7.3.3
INFO    : Runestone Services (using newer, via online CDN query): version 7.4.0
INFO    : Using existing Runestone Services located in C:/Users/byosh/int-algebra/output/web\_static. Delete Runestone files there to force a fresh download.
INFO    : converting C:\Users\byosh\int-algebra\ptx\int-alg.xml to HTML in C:\Users\byosh\AppData\Local\Temp\ptx-qx223466
INFO    : XSL conversion of C:\Users\byosh\int-algebra\ptx\int-alg.xml by C:\Users\byosh\.ptx\2.6.1\core\xsl\pretext-html.xsl
INFO    : messages from the log for XSL processing:
WARNING : * PTX:WARNING: an index entry should not have both a locator and a "see" reference.  Results may be unpredictable.  Perhaps you meant to employ a "seealso" reference?  Heading is: "Delta (\(\Delta\)); ; "
INFO    : successful application of C:\Users\byosh\.ptx\2.6.1\core\xsl\pretext-html.xsl
INFO    : 
Success! Run `pretext view` to see the results.

INFO    : 
